time="2024-08-12T10:04:17+05:00" level=info msg="Received signal: interrupt"
time="2024-08-12T10:04:22+05:00" level=info msg="Graceful shutdown complete."
time="2024-08-12T10:04:27+05:00" level=info msg="Configuration loaded successfully"
time="2024-08-12T10:04:57+05:00" level=fatal msg="Failed to connect to database:  server selection error: server selection timeout, current topology: { Type: Unknown, Servers: [{ Addr: localhost:8085, Type: Unknown, Last error: dial tcp 127.0.0.1:8085: connect: connection refused }, ] }"
time="2024-08-12T10:06:43+05:00" level=info msg="Configuration loaded successfully"
time="2024-08-12T10:07:13+05:00" level=fatal msg="Failed to connect to database:  server selection error: server selection timeout, current topology: { Type: Unknown, Servers: [{ Addr: localhost:8085, Type: Unknown, Last error: dial tcp 127.0.0.1:8085: connect: connection refused }, ] }"
time="2024-08-12T10:10:43+05:00" level=info msg="Configuration loaded successfully"
time="2024-08-12T10:11:28+05:00" level=info msg="Configuration loaded successfully"
time="2024-08-12T10:11:28+05:00" level=fatal msg="Failed to connect to database:  error parsing uri: invalid host \"\": invalid host \"localhost:%!d(string=:8085)\": invalid URL escape \"%!d\""
time="2024-08-12T10:11:37+05:00" level=info msg="Configuration loaded successfully"
time="2024-08-12T10:11:37+05:00" level=fatal msg="Failed to connect to database:  error parsing uri: invalid host \"\": address localhost::8085: too many colons in address"
time="2024-08-12T10:20:43+05:00" level=info msg="Configuration loaded successfully"
time="2024-08-12T10:21:13+05:00" level=fatal msg="Failed to connect to database:  server selection error: server selection timeout, current topology: { Type: Unknown, Servers: [{ Addr: localhost:8085, Type: Unknown, Last error: dial tcp 127.0.0.1:8085: connect: connection refused }, ] }"
time="2024-08-12T10:22:23+05:00" level=info msg="Configuration loaded successfully"
time="2024-08-12T10:22:53+05:00" level=fatal msg="Failed to connect to database:  server selection error: server selection timeout, current topology: { Type: Unknown, Servers: [{ Addr: localhost:8085, Type: Unknown, Last error: dial tcp 127.0.0.1:8085: connect: connection refused }, ] }"
time="2024-08-12T10:27:03+05:00" level=info msg="Configuration loaded successfully"
time="2024-08-12T10:27:33+05:00" level=fatal msg="Failed to connect to database:  server selection error: server selection timeout, current topology: { Type: Unknown, Servers: [{ Addr: localhost:5432, Type: Unknown, Last error:  connection(localhost:5432[-61]) socket was unexpectedly closed: EOF: connection(localhost:5432[-61]) socket was unexpectedly closed: EOF }, ] }"
time="2024-08-12T10:27:59+05:00" level=info msg="Configuration loaded successfully"
time="2024-08-12T10:27:59+05:00" level=fatal msg="Failed to connect to database:  error parsing uri: invalid host \"\": invalid host \"localhost:%!d(string=8085)\": invalid URL escape \"%!d\""
time="2024-08-12T10:28:04+05:00" level=info msg="Configuration loaded successfully"
time="2024-08-12T10:28:34+05:00" level=fatal msg="Failed to connect to database:  server selection error: server selection timeout, current topology: { Type: Unknown, Servers: [{ Addr: localhost:8085, Type: Unknown, Last error: dial tcp 127.0.0.1:8085: connect: connection refused }, ] }"
time="2024-08-12T10:31:40+05:00" level=info msg="Configuration loaded successfully"
time="2024-08-12T10:31:40+05:00" level=info msg="Connected to the database successfully"
time="2024-08-12T10:31:40+05:00" level=info msg="gRPC service started successfully"
time="2024-08-12T10:32:25+05:00" level=info msg="Configuration loaded successfully"
time="2024-08-12T10:32:25+05:00" level=info msg="Connected to the database successfully"
time="2024-08-12T10:32:25+05:00" level=info msg="gRPC service started successfully"
time="2024-08-12T10:37:13+05:00" level=info msg="Received signal: interrupt"
time="2024-08-12T10:37:18+05:00" level=info msg="Graceful shutdown complete."
time="2024-08-12T10:37:19+05:00" level=info msg="Configuration loaded successfully"
time="2024-08-12T10:37:19+05:00" level=info msg="Connected to the database successfully"
time="2024-08-12T10:37:19+05:00" level=info msg="gRPC service started successfully"
time="2024-08-12T10:46:17+05:00" level=info msg="Received signal: interrupt"
time="2024-08-12T10:46:22+05:00" level=info msg="Graceful shutdown complete."
time="2024-08-12T10:46:24+05:00" level=info msg="Configuration loaded successfully"
time="2024-08-12T10:46:24+05:00" level=info msg="Connected to the database successfully"
time="2024-08-12T10:46:24+05:00" level=info msg="gRPC service started successfully"
time="2024-08-12T10:48:50+05:00" level=info msg="Received signal: interrupt"
time="2024-08-12T10:48:55+05:00" level=info msg="Graceful shutdown complete."
time="2024-08-12T10:48:57+05:00" level=info msg="Configuration loaded successfully"
time="2024-08-12T10:48:57+05:00" level=info msg="Connected to the database successfully"
time="2024-08-12T10:48:57+05:00" level=info msg="gRPC service started successfully"
time="2024-08-12T10:49:55+05:00" level=info msg="Received signal: interrupt"
time="2024-08-12T10:50:00+05:00" level=info msg="Graceful shutdown complete."
time="2024-08-12T10:50:02+05:00" level=info msg="Configuration loaded successfully"
time="2024-08-12T10:50:02+05:00" level=info msg="Connected to the database successfully"
time="2024-08-12T10:50:02+05:00" level=info msg="gRPC service started successfully"
time="2024-08-12T10:53:07+05:00" level=info msg="Received signal: interrupt"
time="2024-08-12T10:53:12+05:00" level=info msg="Graceful shutdown complete."
time="2024-08-12T10:54:45+05:00" level=info msg="Configuration loaded successfully"
time="2024-08-12T10:54:45+05:00" level=info msg="Connected to the database successfully"
time="2024-08-12T10:54:45+05:00" level=info msg="gRPC service started successfully"
time="2024-08-12T10:55:07+05:00" level=info msg="Received signal: interrupt"
time="2024-08-12T10:55:12+05:00" level=info msg="Graceful shutdown complete."
time="2024-08-12T10:55:15+05:00" level=info msg="Configuration loaded successfully"
time="2024-08-12T10:55:15+05:00" level=info msg="Connected to the database successfully"
time="2024-08-12T10:55:15+05:00" level=info msg="gRPC service started successfully"
time="2024-08-12T10:58:36+05:00" level=info msg="Received signal: terminated"
time="2024-08-12T13:48:42+05:00" level=info msg="Configuration loaded successfully"
time="2024-08-12T13:49:12+05:00" level=fatal msg="Failed to connect to database:  server selection error: server selection timeout, current topology: { Type: Unknown, Servers: [{ Addr: mongo:27017, Type: Unknown, Last error: dial tcp: lookup mongo on 127.0.0.53:53: server misbehaving }, ] }"
time="2024-08-12T13:50:34+05:00" level=info msg="Configuration loaded successfully"
time="2024-08-12T13:51:04+05:00" level=fatal msg="Failed to connect to database:  server selection error: server selection timeout, current topology: { Type: Unknown, Servers: [{ Addr: mongo:27017, Type: Unknown, Last error: dial tcp: lookup mongo on 127.0.0.53:53: server misbehaving }, ] }"
time="2024-08-12T13:51:10+05:00" level=info msg="Configuration loaded successfully"
time="2024-08-12T13:51:40+05:00" level=fatal msg="Failed to connect to database:  server selection error: server selection timeout, current topology: { Type: Unknown, Servers: [{ Addr: mongo:27017, Type: Unknown, Last error: dial tcp: lookup mongo on 127.0.0.53:53: server misbehaving }, ] }"
time="2024-08-12T13:51:58+05:00" level=info msg="Configuration loaded successfully"
time="2024-08-12T13:55:46+05:00" level=info msg="Configuration loaded successfully"
time="2024-08-12T13:56:16+05:00" level=fatal msg="Failed to connect to database:  server selection error: server selection timeout, current topology: { Type: Unknown, Servers: [{ Addr: mongo:27017, Type: Unknown, Last error: dial tcp: lookup mongo on 127.0.0.53:53: server misbehaving }, ] }"
time="2024-08-12T13:57:14+05:00" level=info msg="Configuration loaded successfully"
time="2024-08-12T13:57:14+05:00" level=fatal msg="Failed to connect to database:  connection() error occurred during connection handshake: auth error: sasl conversation error: unable to authenticate using mechanism \"SCRAM-SHA-1\": (AuthenticationFailed) Authentication failed."
time="2024-08-12T13:57:19+05:00" level=info msg="Configuration loaded successfully"
time="2024-08-12T13:57:19+05:00" level=fatal msg="Failed to connect to database:  connection() error occurred during connection handshake: auth error: sasl conversation error: unable to authenticate using mechanism \"SCRAM-SHA-1\": (AuthenticationFailed) Authentication failed."
time="2024-08-12T14:01:22+05:00" level=info msg="Configuration loaded successfully"
time="2024-08-12T14:01:22+05:00" level=fatal msg="Failed to connect to database:  connection() error occurred during connection handshake: auth error: sasl conversation error: unable to authenticate using mechanism \"SCRAM-SHA-1\": (AuthenticationFailed) Authentication failed."
time="2024-08-12T14:02:22+05:00" level=info msg="Configuration loaded successfully"
time="2024-08-12T14:02:52+05:00" level=fatal msg="Failed to connect to database:  server selection error: server selection timeout, current topology: { Type: Unknown, Servers: [{ Addr: localhost:8085, Type: Unknown, Last error: dial tcp 127.0.0.1:8085: connect: connection refused }, ] }"
time="2024-08-12T14:05:46+05:00" level=info msg="Configuration loaded successfully"
time="2024-08-12T14:05:46+05:00" level=fatal msg="Failed to connect to database:  error parsing uri: scheme must be \"mongodb\" or \"mongodb+srv\""
time="2024-08-12T14:06:37+05:00" level=info msg="Configuration loaded successfully"
time="2024-08-12T14:07:07+05:00" level=fatal msg="Failed to connect to database:  server selection error: server selection timeout, current topology: { Type: Unknown, Servers: [{ Addr: localhost:8085, Type: Unknown, Last error: dial tcp 127.0.0.1:8085: connect: connection refused }, ] }"
time="2024-08-12T14:07:11+05:00" level=info msg="Configuration loaded successfully"
time="2024-08-12T14:07:11+05:00" level=fatal msg="Failed to connect to database:  connection() error occurred during connection handshake: auth error: sasl conversation error: unable to authenticate using mechanism \"SCRAM-SHA-1\": (AuthenticationFailed) Authentication failed."
time="2024-08-12T14:07:13+05:00" level=info msg="Configuration loaded successfully"
time="2024-08-12T14:07:13+05:00" level=fatal msg="Failed to connect to database:  connection() error occurred during connection handshake: auth error: sasl conversation error: unable to authenticate using mechanism \"SCRAM-SHA-1\": (AuthenticationFailed) Authentication failed."
time="2024-08-12T14:07:19+05:00" level=info msg="Configuration loaded successfully"
time="2024-08-12T14:07:19+05:00" level=fatal msg="Failed to connect to database:  connection() error occurred during connection handshake: auth error: sasl conversation error: unable to authenticate using mechanism \"SCRAM-SHA-1\": (AuthenticationFailed) Authentication failed."
time="2024-08-12T14:07:21+05:00" level=info msg="Configuration loaded successfully"
time="2024-08-12T14:07:21+05:00" level=fatal msg="Failed to connect to database:  connection() error occurred during connection handshake: auth error: sasl conversation error: unable to authenticate using mechanism \"SCRAM-SHA-1\": (AuthenticationFailed) Authentication failed."
time="2024-08-12T14:09:19+05:00" level=info msg="Configuration loaded successfully"
time="2024-08-12T14:09:19+05:00" level=fatal msg="Failed to connect to database:  connection() error occurred during connection handshake: auth error: sasl conversation error: unable to authenticate using mechanism \"SCRAM-SHA-1\": (AuthenticationFailed) Authentication failed."
time="2024-08-12T14:09:51+05:00" level=info msg="Configuration loaded successfully"
time="2024-08-12T14:09:51+05:00" level=fatal msg="Failed to connect to database:  connection() error occurred during connection handshake: auth error: sasl conversation error: unable to authenticate using mechanism \"SCRAM-SHA-1\": (AuthenticationFailed) Authentication failed."
time="2024-08-12T14:11:58+05:00" level=info msg="Configuration loaded successfully"
time="2024-08-12T14:11:58+05:00" level=fatal msg="Failed to connect to database:  connection() error occurred during connection handshake: auth error: sasl conversation error: unable to authenticate using mechanism \"SCRAM-SHA-1\": (AuthenticationFailed) Authentication failed."
time="2024-08-12T14:12:02+05:00" level=info msg="Configuration loaded successfully"
time="2024-08-12T14:12:02+05:00" level=fatal msg="Failed to connect to database:  connection() error occurred during connection handshake: auth error: sasl conversation error: unable to authenticate using mechanism \"SCRAM-SHA-1\": (AuthenticationFailed) Authentication failed."
time="2024-08-12T14:14:48+05:00" level=info msg="Configuration loaded successfully"
time="2024-08-12T14:14:48+05:00" level=fatal msg="Failed to connect to database:  connection() error occurred during connection handshake: auth error: sasl conversation error: unable to authenticate using mechanism \"SCRAM-SHA-1\": (AuthenticationFailed) Authentication failed."
time="2024-08-12T14:16:03+05:00" level=info msg="Configuration loaded successfully"
time="2024-08-12T14:16:03+05:00" level=info msg="Connected to the database successfully"
time="2024-08-12T14:16:03+05:00" level=info msg="gRPC service started successfully"
time="2024-08-12T14:16:07+05:00" level=info msg="Configuration loaded successfully"
time="2024-08-12T14:16:07+05:00" level=info msg="Connected to the database successfully"
time="2024-08-12T14:16:07+05:00" level=info msg="gRPC service started successfully"
time="2024-08-12T14:16:34+05:00" level=info msg="Configuration loaded successfully"
time="2024-08-12T14:16:34+05:00" level=info msg="Connected to the database successfully"
time="2024-08-12T14:16:34+05:00" level=info msg="gRPC service started successfully"
time="2024-08-12T14:19:08+05:00" level=info msg="Received signal: interrupt"
time="2024-08-12T14:19:13+05:00" level=info msg="Graceful shutdown complete."
time="2024-08-12T14:19:15+05:00" level=info msg="Configuration loaded successfully"
time="2024-08-12T14:19:15+05:00" level=info msg="Connected to the database successfully"
time="2024-08-12T14:19:15+05:00" level=info msg="gRPC service started successfully"
time="2024-08-12T14:19:45+05:00" level=info msg="Received signal: interrupt"
time="2024-08-12T14:19:50+05:00" level=info msg="Graceful shutdown complete."
time="2024-08-12T14:19:51+05:00" level=info msg="Configuration loaded successfully"
time="2024-08-12T14:19:51+05:00" level=fatal msg="Failed to connect to database:  connection() error occurred during connection handshake: auth error: sasl conversation error: unable to authenticate using mechanism \"SCRAM-SHA-1\": (AuthenticationFailed) Authentication failed."
time="2024-08-12T14:20:06+05:00" level=info msg="Configuration loaded successfully"
time="2024-08-12T14:20:06+05:00" level=info msg="Connected to the database successfully"
time="2024-08-12T14:20:06+05:00" level=info msg="gRPC service started successfully"
time="2024-08-12T14:20:21+05:00" level=info msg="Received signal: interrupt"
time="2024-08-12T14:20:26+05:00" level=info msg="Graceful shutdown complete."
time="2024-08-12T14:55:50+05:00" level=info msg="Configuration loaded successfully"
time="2024-08-12T14:55:50+05:00" level=info msg="Connected to the database successfully"
time="2024-08-12T14:55:50+05:00" level=info msg="gRPC service started successfully"
time="2024-08-12T14:59:15+05:00" level=info msg="Received signal: interrupt"
time="2024-08-12T14:59:20+05:00" level=info msg="Graceful shutdown complete."
time="2024-08-12T14:59:25+05:00" level=info msg="Configuration loaded successfully"
time="2024-08-12T14:59:25+05:00" level=fatal msg="Failed to connect to database:  connection() error occurred during connection handshake: auth error: sasl conversation error: unable to authenticate using mechanism \"SCRAM-SHA-1\": (AuthenticationFailed) Authentication failed."
time="2024-08-12T14:59:32+05:00" level=info msg="Configuration loaded successfully"
time="2024-08-12T14:59:32+05:00" level=fatal msg="Failed to connect to database:  connection() error occurred during connection handshake: auth error: sasl conversation error: unable to authenticate using mechanism \"SCRAM-SHA-1\": (AuthenticationFailed) Authentication failed."
time="2024-08-12T14:59:45+05:00" level=info msg="Configuration loaded successfully"
time="2024-08-12T14:59:45+05:00" level=fatal msg="Failed to connect to database:  connection() error occurred during connection handshake: auth error: sasl conversation error: unable to authenticate using mechanism \"SCRAM-SHA-1\": (AuthenticationFailed) Authentication failed."
time="2024-08-12T15:00:30+05:00" level=info msg="Configuration loaded successfully"
time="2024-08-12T15:00:30+05:00" level=fatal msg="Failed to connect to database:  connection() error occurred during connection handshake: auth error: sasl conversation error: unable to authenticate using mechanism \"SCRAM-SHA-1\": (AuthenticationFailed) Authentication failed."
time="2024-08-12T15:00:49+05:00" level=info msg="Configuration loaded successfully"
time="2024-08-12T15:00:49+05:00" level=fatal msg="Failed to connect to database:  connection() error occurred during connection handshake: auth error: sasl conversation error: unable to authenticate using mechanism \"SCRAM-SHA-1\": (AuthenticationFailed) Authentication failed."
time="2024-08-12T15:00:56+05:00" level=info msg="Configuration loaded successfully"
time="2024-08-12T15:00:56+05:00" level=fatal msg="Failed to connect to database:  connection() error occurred during connection handshake: auth error: sasl conversation error: unable to authenticate using mechanism \"SCRAM-SHA-1\": (AuthenticationFailed) Authentication failed."
time="2024-08-12T15:05:05+05:00" level=info msg="Configuration loaded successfully"
time="2024-08-12T15:05:05+05:00" level=info msg="Connected to the database successfully"
time="2024-08-12T15:05:05+05:00" level=info msg="gRPC service started successfully"
time="2024-08-12T15:05:08+05:00" level=info msg="Received signal: interrupt"
time="2024-08-12T15:05:13+05:00" level=info msg="Graceful shutdown complete."
time="2024-08-12T15:06:33+05:00" level=info msg="Configuration loaded successfully"
time="2024-08-12T15:06:33+05:00" level=info msg="Connected to the database successfully"
time="2024-08-12T15:06:33+05:00" level=info msg="gRPC service started successfully"
time="2024-08-12T15:06:44+05:00" level=info msg="Received signal: interrupt"
time="2024-08-12T15:06:49+05:00" level=info msg="Graceful shutdown complete."
time="2024-08-12T15:07:08+05:00" level=info msg="Configuration loaded successfully"
time="2024-08-12T15:07:08+05:00" level=info msg="Connected to the database successfully"
time="2024-08-12T15:07:08+05:00" level=info msg="gRPC service started successfully"
time="2024-08-12T15:09:02+05:00" level=info msg="Received signal: interrupt"
time="2024-08-12T15:09:07+05:00" level=info msg="Graceful shutdown complete."
time="2024-08-12T15:12:21+05:00" level=info msg="Configuration loaded successfully"
time="2024-08-12T15:12:21+05:00" level=info msg="Connected to the database successfully"
time="2024-08-12T15:12:21+05:00" level=info msg="gRPC service started successfully"
time="2024-08-12T15:12:35+05:00" level=info msg="Received signal: interrupt"
time="2024-08-12T15:12:40+05:00" level=info msg="Graceful shutdown complete."
time="2024-08-12T15:12:42+05:00" level=info msg="Configuration loaded successfully"
time="2024-08-12T15:12:42+05:00" level=info msg="Connected to the database successfully"
time="2024-08-12T15:12:42+05:00" level=info msg="gRPC service started successfully"
time="2024-08-12T15:13:31+05:00" level=info msg="Received signal: interrupt"
time="2024-08-12T15:13:36+05:00" level=info msg="Graceful shutdown complete."
time="2024-08-12T15:13:58+05:00" level=info msg="Configuration loaded successfully"
time="2024-08-12T15:13:58+05:00" level=info msg="Connected to the database successfully"
time="2024-08-12T15:13:58+05:00" level=info msg="gRPC service started successfully"
time="2024-08-12T15:14:11+05:00" level=info msg="Received signal: interrupt"
time="2024-08-12T15:14:16+05:00" level=info msg="Graceful shutdown complete."
time="2024-08-12T15:17:04+05:00" level=info msg="Configuration loaded successfully"
time="2024-08-12T15:17:04+05:00" level=fatal msg="Failed to connect to database:  connection() error occurred during connection handshake: auth error: sasl conversation error: unable to authenticate using mechanism \"SCRAM-SHA-1\": (AuthenticationFailed) Authentication failed."
time="2024-08-12T15:17:37+05:00" level=info msg="Configuration loaded successfully"
time="2024-08-12T15:17:37+05:00" level=info msg="Connected to the database successfully"
time="2024-08-12T15:17:37+05:00" level=info msg="gRPC service started successfully"
time="2024-08-12T15:17:52+05:00" level=info msg="Received signal: interrupt"
time="2024-08-12T15:17:57+05:00" level=info msg="Graceful shutdown complete."
time="2024-08-12T16:10:44+05:00" level=info msg="Configuration loaded successfully"
time="2024-08-12T16:10:44+05:00" level=fatal msg="Failed to connect to database:  connection() error occurred during connection handshake: auth error: sasl conversation error: unable to authenticate using mechanism \"SCRAM-SHA-1\": (AuthenticationFailed) Authentication failed."
time="2024-08-12T16:10:53+05:00" level=info msg="Configuration loaded successfully"
time="2024-08-12T16:10:53+05:00" level=fatal msg="Failed to connect to database:  connection() error occurred during connection handshake: auth error: sasl conversation error: unable to authenticate using mechanism \"SCRAM-SHA-1\": (AuthenticationFailed) Authentication failed."
time="2024-08-12T16:11:57+05:00" level=info msg="Configuration loaded successfully"
time="2024-08-12T16:11:57+05:00" level=info msg="Connected to the database successfully"
time="2024-08-12T16:11:57+05:00" level=info msg="gRPC service started successfully"
time="2024-08-12T16:12:10+05:00" level=info msg="Received signal: interrupt"
time="2024-08-12T16:12:15+05:00" level=info msg="Graceful shutdown complete."
time="2024-08-12T16:12:58+05:00" level=info msg="Configuration loaded successfully"
time="2024-08-12T16:12:58+05:00" level=info msg="Connected to the database successfully"
time="2024-08-12T16:12:58+05:00" level=info msg="gRPC service started successfully"
time="2024-08-12T16:13:10+05:00" level=info msg="Received signal: interrupt"
time="2024-08-12T16:13:15+05:00" level=info msg="Graceful shutdown complete."
time="2024-08-12T16:13:16+05:00" level=info msg="Configuration loaded successfully"
time="2024-08-12T16:13:16+05:00" level=info msg="Connected to the database successfully"
time="2024-08-12T16:13:16+05:00" level=info msg="gRPC service started successfully"
time="2024-08-12T16:13:28+05:00" level=info msg="Received signal: interrupt"
time="2024-08-12T16:13:33+05:00" level=info msg="Graceful shutdown complete."
time="2024-08-12T16:14:38+05:00" level=info msg="Configuration loaded successfully"
time="2024-08-12T16:14:38+05:00" level=info msg="Connected to the database successfully"
time="2024-08-12T16:14:38+05:00" level=info msg="gRPC service started successfully"
time="2024-08-12T16:14:43+05:00" level=info msg="Received signal: interrupt"
time="2024-08-12T16:14:48+05:00" level=info msg="Graceful shutdown complete."
time="2024-08-12T16:17:44+05:00" level=info msg="Configuration loaded successfully"
time="2024-08-12T16:17:44+05:00" level=info msg="Connected to the database successfully"
time="2024-08-12T16:17:44+05:00" level=info msg="gRPC service started successfully"
time="2024-08-12T16:34:36+05:00" level=info msg="Received signal: interrupt"
time="2024-08-12T16:34:41+05:00" level=info msg="Graceful shutdown complete."
time="2024-08-12T16:34:43+05:00" level=info msg="Configuration loaded successfully"
time="2024-08-12T16:34:43+05:00" level=info msg="Connected to the database successfully"
time="2024-08-12T16:34:43+05:00" level=info msg="gRPC service started successfully"
time="2024-08-12T16:37:28+05:00" level=info msg="Received signal: interrupt"
time="2024-08-12T16:37:33+05:00" level=info msg="Graceful shutdown complete."
time="2024-08-12T16:38:12+05:00" level=info msg="Configuration loaded successfully"
time="2024-08-12T16:38:12+05:00" level=info msg="Connected to the database successfully"
time="2024-08-12T16:38:12+05:00" level=info msg="gRPC service started successfully"
time="2024-08-12T16:38:35+05:00" level=info msg="Received signal: interrupt"
time="2024-08-12T16:38:40+05:00" level=info msg="Graceful shutdown complete."
time="2024-08-12T16:42:16+05:00" level=info msg="Configuration loaded successfully"
time="2024-08-12T16:42:31+05:00" level=info msg="Configuration loaded successfully"
time="2024-08-12T16:43:15+05:00" level=info msg="Configuration loaded successfully"
time="2024-08-12T16:43:15+05:00" level=info msg="gRPC service started successfully"
time="2024-08-12T16:44:47+05:00" level=info msg="Configuration loaded successfully"
time="2024-08-12T16:44:47+05:00" level=info msg="gRPC service started successfully"
time="2024-08-12T16:44:50+05:00" level=info msg="Configuration loaded successfully"
time="2024-08-12T16:44:50+05:00" level=info msg="gRPC service started successfully"
time="2024-08-12T16:45:06+05:00" level=info msg="Configuration loaded successfully"
time="2024-08-12T16:45:06+05:00" level=info msg="gRPC service started successfully"
time="2024-08-12T16:46:40+05:00" level=info msg="Configuration loaded successfully"
time="2024-08-12T16:46:40+05:00" level=info msg="database created successfully"
time="2024-08-12T16:46:40+05:00" level=info msg="gRPC service started successfully"
time="2024-08-12T17:20:09+05:00" level=info msg="Configuration loaded successfully"
time="2024-08-12T17:20:09+05:00" level=info msg="database created successfully"
time="2024-08-12T17:22:03+05:00" level=info msg="Configuration loaded successfully"
time="2024-08-12T17:22:44+05:00" level=info msg="Configuration loaded successfully"
time="2024-08-12T17:22:44+05:00" level=info msg="database created successfully"
time="2024-08-12T17:22:44+05:00" level=info msg="gRPC service started successfully"
time="2024-08-12T17:25:10+05:00" level=info msg="Configuration loaded successfully"
time="2024-08-12T17:25:10+05:00" level=info msg="database created successfully"
time="2024-08-12T17:25:10+05:00" level=info msg="gRPC service started successfully"
time="2024-08-12T17:28:18+05:00" level=info msg="Configuration loaded successfully"
time="2024-08-12T17:28:31+05:00" level=info msg="Configuration loaded successfully"
time="2024-08-12T17:28:40+05:00" level=info msg="Configuration loaded successfully"
time="2024-08-12T17:28:40+05:00" level=info msg="gRPC service started successfully"
time="2024-08-12T17:34:02+05:00" level=info msg="Configuration loaded successfully"
time="2024-08-12T17:34:02+05:00" level=info msg="gRPC service started successfully"
time="2024-08-12T17:34:07+05:00" level=info msg="Configuration loaded successfully"
time="2024-08-12T17:34:07+05:00" level=info msg="gRPC service started successfully"
time="2024-08-12T23:03:53+05:00" level=info msg="Configuration loaded successfully"
time="2024-08-12T23:03:53+05:00" level=info msg="gRPC service started successfully"
time="2024-08-12T23:04:13+05:00" level=info msg="Configuration loaded successfully"
time="2024-08-12T23:04:13+05:00" level=info msg="gRPC service started successfully"
time="2024-08-12T23:15:45+05:00" level=info msg="Configuration loaded successfully"
time="2024-08-12T23:17:52+05:00" level=info msg="Configuration loaded successfully"
time="2024-08-12T23:17:52+05:00" level=info msg="gRPC service started successfully"
time="2024-08-12T23:20:06+05:00" level=info msg="Configuration loaded successfully"
time="2024-08-12T23:20:06+05:00" level=info msg="gRPC service started successfully"
time="2024-08-12T23:30:57+05:00" level=info msg="Configuration loaded successfully"
time="2024-08-12T23:30:57+05:00" level=info msg="gRPC service started successfully"
time="2024-08-12T23:34:21+05:00" level=info msg="Configuration loaded successfully"
time="2024-08-12T23:34:21+05:00" level=info msg="gRPC service started successfully"
time="2024-08-12T23:52:00+05:00" level=info msg="Configuration loaded successfully"
time="2024-08-12T23:52:01+05:00" level=info msg="gRPC service started successfully"
time="2024-08-13T00:06:52+05:00" level=info msg="Configuration loaded successfully"
time="2024-08-13T00:06:52+05:00" level=info msg="gRPC service started successfully"
time="2024-08-13T00:07:43+05:00" level=info msg="Configuration loaded successfully"
time="2024-08-13T00:07:43+05:00" level=info msg="gRPC service started successfully"
time="2024-08-13T08:56:04+05:00" level=info msg="Configuration loaded successfully"
time="2024-08-13T08:58:07+05:00" level=info msg="Configuration loaded successfully"
time="2024-08-13T09:00:20+05:00" level=info msg="Configuration loaded successfully"
time="2024-08-13T09:01:51+05:00" level=info msg="Configuration loaded successfully"
time="2024-08-13T09:06:26+05:00" level=info msg="Configuration loaded successfully"
time="2024-08-13T09:06:26+05:00" level=info msg="gRPC service started successfully"
time="2024-08-13T09:19:12+05:00" level=info msg="Configuration loaded successfully"
time="2024-08-13T09:19:12+05:00" level=info msg="gRPC service started successfully"
time="2024-08-13T09:21:50+05:00" level=info msg="Configuration loaded successfully"
time="2024-08-13T09:21:50+05:00" level=info msg="gRPC service started successfully"
time="2024-08-13T09:21:59+05:00" level=info msg="Configuration loaded successfully"
time="2024-08-13T09:21:59+05:00" level=info msg="gRPC service started successfully"
time="2024-08-13T09:29:10+05:00" level=info msg="Configuration loaded successfully"
time="2024-08-13T09:29:10+05:00" level=info msg="gRPC service started successfully on port 8085"
time="2024-08-13T09:33:31+05:00" level=info msg="Received signal: interrupt"
time="2024-08-13T09:33:36+05:00" level=info msg="Graceful shutdown complete."
time="2024-08-13T09:33:37+05:00" level=info msg="Configuration loaded successfully"
time="2024-08-13T09:33:39+05:00" level=info msg="Configuration loaded successfully"
time="2024-08-13T09:33:39+05:00" level=info msg="gRPC service started successfully"
time="2024-08-13T09:44:12+05:00" level=info msg="Configuration loaded successfully"
time="2024-08-13T09:44:12+05:00" level=info msg="gRPC service started successfully"
time="2024-08-13T12:29:24+05:00" level=info msg="Configuration loaded successfully"
time="2024-08-13T12:29:24+05:00" level=info msg="gRPC service started successfully"
time="2024-08-13T12:30:04+05:00" level=info msg="Configuration loaded successfully"
time="2024-08-13T12:30:04+05:00" level=info msg="gRPC service started successfully"
time="2024-08-13T12:30:13+05:00" level=info msg="Configuration loaded successfully"
time="2024-08-13T12:30:13+05:00" level=info msg="gRPC service started successfully"
time="2024-08-13T12:30:24+05:00" level=info msg="Configuration loaded successfully"
time="2024-08-13T12:30:24+05:00" level=info msg="gRPC service started successfully"
time="2024-08-13T12:34:42+05:00" level=info msg="Service created successfully"
time="2024-08-13T12:39:39+05:00" level=info msg="Configuration loaded successfully"
time="2024-08-13T12:39:39+05:00" level=info msg="gRPC service started successfully"
time="2024-08-13T12:39:44+05:00" level=warning msg="Provider not found map[provider_id:66bb0d56c09901c5b1d5ed9a]"
time="2024-08-13T12:40:06+05:00" level=warning msg="Provider not found map[provider_id:66bb0d56c09901c5b1d5ed9a]"
time="2024-08-13T12:41:39+05:00" level=info msg="Configuration loaded successfully"
time="2024-08-13T12:41:39+05:00" level=info msg="gRPC service started successfully"
time="2024-08-13T12:42:48+05:00" level=info msg="Configuration loaded successfully"
time="2024-08-13T12:42:49+05:00" level=info msg="gRPC service started successfully"
time="2024-08-13T12:43:13+05:00" level=info msg="Configuration loaded successfully"
time="2024-08-13T12:43:13+05:00" level=info msg="gRPC service started successfully"
time="2024-08-13T12:46:53+05:00" level=info msg="Configuration loaded successfully"
time="2024-08-13T12:46:53+05:00" level=info msg="gRPC service started successfully"
time="2024-08-13T12:49:03+05:00" level=info msg="Configuration loaded successfully"
time="2024-08-13T12:49:15+05:00" level=info msg="Configuration loaded successfully"
time="2024-08-13T12:49:15+05:00" level=info msg="gRPC service started successfully"
time="2024-08-13T12:50:22+05:00" level=info msg="Configuration loaded successfully"
time="2024-08-13T12:50:22+05:00" level=info msg="gRPC service started successfully"
time="2024-08-13T12:51:49+05:00" level=info msg="Configuration loaded successfully"
time="2024-08-13T12:51:49+05:00" level=info msg="gRPC service started successfully"
time="2024-08-13T12:51:52+05:00" level=info msg="Provider updated successfully map[provider_id:66bb0d56c09901c5b1d5ed9a]"
time="2024-08-13T12:54:34+05:00" level=info msg="Providers listed successfully map[count:1]"
time="2024-08-13T12:55:01+05:00" level=info msg="Providers listed successfully map[count:1]"
time="2024-08-13T12:55:56+05:00" level=info msg="Service created successfully"
time="2024-08-13T12:57:37+05:00" level=info msg="Configuration loaded successfully"
time="2024-08-13T12:57:37+05:00" level=info msg="gRPC service started successfully"
time="2024-08-13T12:58:11+05:00" level=info msg="Configuration loaded successfully"
time="2024-08-13T12:58:14+05:00" level=info msg="Configuration loaded successfully"
time="2024-08-13T12:58:14+05:00" level=info msg="gRPC service started successfully"
time="2024-08-13T12:58:43+05:00" level=info msg="Configuration loaded successfully"
time="2024-08-13T12:58:43+05:00" level=info msg="gRPC service started successfully"
time="2024-08-13T13:01:03+05:00" level=info msg="Configuration loaded successfully"
time="2024-08-13T13:01:03+05:00" level=info msg="gRPC service started successfully"
time="2024-08-13T13:03:19+05:00" level=info msg="Configuration loaded successfully"
time="2024-08-13T13:03:19+05:00" level=info msg="gRPC service started successfully"
time="2024-08-13T13:03:53+05:00" level=info msg="Configuration loaded successfully"
time="2024-08-13T13:03:53+05:00" level=info msg="gRPC service started successfully"
time="2024-08-13T13:07:11+05:00" level=info msg="Configuration loaded successfully"
time="2024-08-13T13:07:11+05:00" level=info msg="gRPC service started successfully"
time="2024-08-13T13:09:21+05:00" level=info msg="Configuration loaded successfully"
time="2024-08-13T13:09:21+05:00" level=info msg="gRPC service started successfully"
time="2024-08-13T13:11:18+05:00" level=info msg="Configuration loaded successfully"
time="2024-08-13T13:11:18+05:00" level=info msg="gRPC service started successfully"
time="2024-08-13T13:11:22+05:00" level=info msg="Service updated successfully map[count:1]"
time="2024-08-13T13:11:45+05:00" level=info msg="Services listed successfully map[count:2]"
time="2024-08-13T13:13:56+05:00" level=info msg="Configuration loaded successfully"
time="2024-08-13T13:14:19+05:00" level=info msg="Configuration loaded successfully"
time="2024-08-13T13:14:19+05:00" level=info msg="gRPC service started successfully"
time="2024-08-13T13:15:42+05:00" level=info msg="Configuration loaded successfully"
time="2024-08-13T13:15:42+05:00" level=info msg="gRPC service started successfully"
time="2024-08-13T13:17:46+05:00" level=error msg="Invalid price field detected, skipping service"
time="2024-08-13T13:17:46+05:00" level=info msg="Services listed successfully map[count:1]"
time="2024-08-13T13:21:20+05:00" level=info msg="Configuration loaded successfully"
time="2024-08-13T13:21:24+05:00" level=info msg="Configuration loaded successfully"
time="2024-08-13T13:21:24+05:00" level=info msg="gRPC service started successfully"
time="2024-08-13T13:21:27+05:00" level=info msg="Notification created successfully"
time="2024-08-13T13:21:27+05:00" level=info msg="Booking and notification created successfully"
time="2024-08-13T13:24:10+05:00" level=info msg="Configuration loaded successfully"
time="2024-08-13T13:24:10+05:00" level=info msg="gRPC service started successfully"
time="2024-08-13T13:28:30+05:00" level=info msg="Configuration loaded successfully"
time="2024-08-13T13:28:30+05:00" level=info msg="gRPC service started successfully"
time="2024-08-13T13:35:50+05:00" level=info msg="Configuration loaded successfully"
time="2024-08-13T13:35:50+05:00" level=info msg="gRPC service started successfully"
time="2024-08-13T13:35:55+05:00" level=info msg="Booking updated successfully map[count:1]"
time="2024-08-13T13:38:29+05:00" level=info msg="Configuration loaded successfully"
time="2024-08-13T13:38:29+05:00" level=info msg="gRPC service started successfully"
time="2024-08-13T13:39:31+05:00" level=info msg="Configuration loaded successfully"
time="2024-08-13T13:39:31+05:00" level=info msg="gRPC service started successfully"
time="2024-08-13T13:41:21+05:00" level=info msg="Configuration loaded successfully"
time="2024-08-13T13:41:21+05:00" level=info msg="gRPC service started successfully"
time="2024-08-13T13:42:50+05:00" level=info msg="Configuration loaded successfully"
time="2024-08-13T13:42:52+05:00" level=info msg="Configuration loaded successfully"
time="2024-08-13T13:42:52+05:00" level=info msg="gRPC service started successfully"
time="2024-08-13T13:43:18+05:00" level=info msg="Configuration loaded successfully"
time="2024-08-13T13:43:18+05:00" level=info msg="gRPC service started successfully"
time="2024-08-13T13:47:33+05:00" level=info msg="Configuration loaded successfully"
time="2024-08-13T13:47:46+05:00" level=info msg="Configuration loaded successfully"
time="2024-08-13T13:47:46+05:00" level=info msg="gRPC service started successfully"
time="2024-08-13T13:49:33+05:00" level=info msg="Cart created successfully"
time="2024-08-13T13:50:40+05:00" level=info msg="Configuration loaded successfully"
time="2024-08-13T13:50:40+05:00" level=info msg="gRPC service started successfully"
time="2024-08-13T13:52:52+05:00" level=info msg="Configuration loaded successfully"
time="2024-08-13T13:52:52+05:00" level=info msg="gRPC service started successfully"
time="2024-08-13T13:57:36+05:00" level=info msg="Configuration loaded successfully"
time="2024-08-13T13:57:36+05:00" level=info msg="gRPC service started successfully"
time="2024-08-13T14:01:11+05:00" level=info msg="Configuration loaded successfully"
time="2024-08-13T14:01:11+05:00" level=info msg="gRPC service started successfully"
time="2024-08-13T14:02:19+05:00" level=info msg="Configuration loaded successfully"
time="2024-08-13T14:02:19+05:00" level=info msg="gRPC service started successfully"
time="2024-08-13T14:07:08+05:00" level=info msg="Review created successfully"
time="2024-08-13T14:08:42+05:00" level=info msg="Configuration loaded successfully"
time="2024-08-13T14:08:42+05:00" level=info msg="gRPC service started successfully"
time="2024-08-13T14:33:35+05:00" level=info msg="Configuration loaded successfully"
time="2024-08-13T14:33:37+05:00" level=info msg="Configuration loaded successfully"
time="2024-08-13T14:33:39+05:00" level=info msg="Configuration loaded successfully"
time="2024-08-13T14:33:39+05:00" level=info msg="gRPC service started successfully"
time="2024-08-13T14:36:05+05:00" level=info msg="Configuration loaded successfully"
time="2024-08-13T14:36:07+05:00" level=info msg="Configuration loaded successfully"
time="2024-08-13T14:36:07+05:00" level=info msg="gRPC service started successfully"
time="2024-08-13T14:41:29+05:00" level=info msg="Configuration loaded successfully"
time="2024-08-13T14:41:29+05:00" level=info msg="gRPC service started successfully"
time="2024-08-13T14:41:32+05:00" level=info msg="Payment created and cart updated successfully"
time="2024-08-13T14:44:19+05:00" level=info msg="Configuration loaded successfully"
time="2024-08-13T14:44:19+05:00" level=info msg="gRPC service started successfully"
time="2024-08-13T14:44:26+05:00" level=info msg="Configuration loaded successfully"
time="2024-08-13T14:44:26+05:00" level=info msg="gRPC service started successfully"
time="2024-08-13T14:47:12+05:00" level=info msg="Configuration loaded successfully"
time="2024-08-13T14:47:12+05:00" level=info msg="gRPC service started successfully"
time="2024-08-13T14:47:14+05:00" level=info msg="Payment retrieved successfully map[payment_amount:100000 payment_id:]"
time="2024-08-13T14:49:05+05:00" level=info msg="Configuration loaded successfully"
time="2024-08-13T14:49:05+05:00" level=info msg="gRPC service started successfully"
time="2024-08-13T14:49:10+05:00" level=info msg="Payments retrieved successfully map[payments_count:1]"
